<?xml version="1.0" encoding="UTF-8"?>
<!-- Generated by org.testng.reporters.JUnitReportReporter -->
<testsuite skipped="0" hostname="ATMECSINLT-033" name="com.atmecs.scripts.TutorialsNinjaScript" tests="5" failures="0" timestamp="12 Nov 2019 10:07:06 GMT" time="11.272" errors="0">
  <testcase name="homePageLandingValidation" time="0.128" classname="com.atmecs.scripts.TutorialsNinjaScript"/>
  <testcase name="pageflowValidations" time="4.437" classname="com.atmecs.scripts.TutorialsNinjaScript"/>
  <testcase name="pageflowValidations" time="2.800" classname="com.atmecs.scripts.TutorialsNinjaScript"/>
  <testcase name="cartflowValidations" time="2.968" classname="com.atmecs.scripts.TutorialsNinjaScript"/>
  <testcase name="negativeDataValidation" time="0.939" classname="com.atmecs.scripts.TutorialsNinjaScript"/>
</testsuite> <!-- com.atmecs.scripts.TutorialsNinjaScript -->
